make all --print-data-base --no-builtin-variables --no-builtin-rules --question
# GNU Make 4.3
# Built for x86_64-pc-linux-gnu
# Copyright (C) 1988-2020 Free Software Foundation, Inc.
# License GPLv3+: GNU GPL version 3 or later <http://gnu.org/licenses/gpl.html>
# This is free software: you are free to change and redistribute it.
# There is NO WARRANTY, to the extent permitted by law.

# Make data base, printed on Fri Aug 26 23:31:09 2022

# Variables

# environment
GDK_BACKEND = x11
# makefile (from 'Makefile', line 18)
OUTPUT := output
# environment
LC_ALL = C
# environment
NO_AT_BRIDGE = 1
# makefile (from 'Makefile', line 21)
SRC := src
# environment
GJS_DEBUG_OUTPUT = stderr
# makefile (from 'Makefile', line 44)
MD := mkdir -p
# environment
LC_NAME = es_DO.UTF-8
# environment
LC_NUMERIC = es_DO.UTF-8
# environment
VSCODE_CWD = /home/djose1164
# environment
WINDOWPATH = 2
# makefile (from 'Makefile', line 51)
LIBS := -Llib
# environment
LC_ADDRESS = es_DO.UTF-8
# environment
GDM_LANG = en_US.UTF-8
# default
MAKE_COMMAND := make
# environment
GTK3_MODULES = xapp-gtk3-module
# automatic
@D = $(patsubst %/,%,$(dir $@))
# environment
VSCODE_HANDLES_UNCAUGHT_ERRORS = true
# default
.VARIABLES := 
# environment
PWD = /home/djose1164/game-programming-cpp/chapter-3
# automatic
%D = $(patsubst %/,%,$(dir $%))
# environment
MAIL = /var/spool/mail/djose1164
# environment
XDG_DATA_DIRS = /home/djose1164/.local/share/flatpak/exports/share:/var/lib/flatpak/exports/share:/usr/local/share/:/usr/share/:/var/lib/snapd/desktop
# automatic
^D = $(patsubst %/,%,$(dir $^))
# automatic
%F = $(notdir $%)
# environment
VSCODE_CODE_CACHE_PATH = /home/djose1164/.config/Code/CachedData/e4503b30fc78200f846c62cf8091b76ff5547662
# environment
LANG = C
# environment
XAUTHORITY = /run/user/1000/gdm/Xauthority
# default
.LOADED := 
# default
.INCLUDE_DIRS = /usr/include /usr/local/include /usr/include
# makefile
MAKEFLAGS = pqrR
# makefile
CURDIR := /home/djose1164/game-programming-cpp/chapter-3
# environment
APPLICATION_INSIGHTS_NO_DIAGNOSTIC_CHANNEL = true
# automatic
*D = $(patsubst %/,%,$(dir $*))
# environment
MFLAGS = -pqrR
# environment
SSH_AUTH_SOCK = /run/user/1000/keyring/ssh
# default
.SHELLFLAGS := -c
# makefile (from 'Makefile', line 65)
OUTPUTMAIN := output/main
# automatic
+D = $(patsubst %/,%,$(dir $+))
# environment
XDG_SESSION_DESKTOP = gnome-xorg
# makefile (from 'Makefile', line 1)
MAKEFILE_LIST := Makefile
# automatic
@F = $(notdir $@)
# environment
VSCODE_PID = 4877
# environment
MOZ_ENABLE_WAYLAND = 1
# environment
XDG_SESSION_TYPE = x11
# automatic
?D = $(patsubst %/,%,$(dir $?))
# makefile (from 'Makefile', line 48)
INCLUDES := -Iinclude -Iinclude/components -Iinclude/actors -Iinclude/utils
# environment
SESSION_MANAGER = local/electronix:@/tmp/.ICE-unix/1235,unix/electronix:/tmp/.ICE-unix/1235
# automatic
*F = $(notdir $*)
# environment
QT_QPA_PLATFORMTHEME = qt5ct
# environment
CHROME_DESKTOP = code-url-handler.desktop
# environment
DBUS_SESSION_BUS_ADDRESS = unix:path=/run/user/1000/bus
# makefile (from 'Makefile', line 27)
LIB := lib
# automatic
<D = $(patsubst %/,%,$(dir $<))
# environment
VSCODE_NLS_CONFIG = {"locale":"en-us","availableLanguages":{},"_languagePackSupport":true}
# makefile (from 'Makefile', line 24)
INCLUDE := include
# default
MAKE_HOST := x86_64-pc-linux-gnu
# makefile
SHELL = /bin/sh
# default
MAKECMDGOALS := all
# environment
XMODIFIERS = @im=ibus
# environment
GJS_DEBUG_TOPICS = JS ERROR;JS LOG
# environment
SHLVL = 1
# environment
MAKELEVEL := 0
# default
MAKE = $(MAKE_COMMAND)
# environment
PATH = /home/djose1164/.local/bin:/usr/local/bin:/usr/bin:/var/lib/snapd/snap/bin:/usr/local/sbin:/usr/lib/emscripten:/usr/lib/jvm/default/bin:/usr/bin/site_perl:/usr/bin/vendor_perl:/usr/bin/core_perl
# default
MAKEFILES := 
# environment
LC_MONETARY = es_DO.UTF-8
# environment
MOTD_SHOWN = pam
# automatic
^F = $(notdir $^)
# environment
LC_TIME = es_DO.UTF-8
# makefile (from 'Makefile', line 38)
MAIN := main
# environment
INVOCATION_ID = 3f8d0fe7b0ff416f94af45f0b1f40d62
# makefile (from 'Makefile', line 41)
LIBDIRS := lib
# environment
USERNAME = djose1164
# environment
LC_TELEPHONE = es_DO.UTF-8
# automatic
?F = $(notdir $?)
# makefile (from 'Makefile', line 40)
INCLUDEDIRS := include include/components include/actors include/utils
# environment
XDG_CURRENT_DESKTOP = GNOME
# automatic
+F = $(notdir $+)
# environment
DESKTOP_SESSION = gnome-xorg
# environment
ORIGINAL_XDG_CURRENT_DESKTOP = GNOME
# makefile (from 'Makefile', line 57)
OBJECTS := src/game.o src/main.o src/utils/Math.o src/sprites/actor.o
# 'override' directive
GNUMAKEFLAGS := 
# environment
LOGNAME = djose1164
# environment
GIO_LAUNCHED_DESKTOP_FILE = /usr/share/applications/visual-studio-code.desktop
# makefile
.DEFAULT_GOAL := all
# environment
SYSTEMD_EXEC_PID = 1252
# makefile (from 'Makefile', line 43)
RM = rm -f
# environment
EDITOR = /usr/bin/nano
# environment
DISPLAY = :0
# environment
USER = djose1164
# default
MAKE_VERSION := 4.3
# 'override' directive
.SHELLSTATUS := 0
# makefile (from 'Makefile', line 42)
FIXPATH = $1
# environment
MANAGERPID = 1085
# environment
LC_MEASUREMENT = es_DO.UTF-8
# environment
GIO_LAUNCHED_DESKTOP_FILE_PID = 4860
# makefile (from 'Makefile', line 39)
SOURCEDIRS := src src/utils src/sprites
# environment
_ = /usr/bin/make
# environment
LC_PAPER = es_DO.UTF-8
# environment
XDG_RUNTIME_DIR = /run/user/1000
# environment
JOURNAL_STREAM = 8:24343
# environment
XDG_SESSION_CLASS = user
# environment
VSCODE_AMD_ENTRYPOINT = vs/workbench/api/node/extensionHostProcess
# environment
HOME = /home/djose1164
# environment
QT_IM_MODULE = ibus
# environment
ELECTRON_RUN_AS_NODE = 1
# environment
VSCODE_IPC_HOOK = /run/user/1000/vscode-267585ec-1.70.2-main.sock
# default
.RECIPEPREFIX := 
# automatic
<F = $(notdir $<)
# default
SUFFIXES := 
# environment
QT_AUTO_SCREEN_SCALE_FACTOR = 1
# environment
VSCODE_CLI = 1
# environment
ELECTRON_NO_ATTACH_CONSOLE = 1
# makefile (from 'Makefile', line 10)
CXXFLAGS := -std=c++20 -pedantic -Wall -Wextra -g `sdl2-config --libs --cflags` -lSDL2_image
# default
.FEATURES := target-specific order-only second-expansion else-if shortest-stem undefine oneshell nocomment grouped-target extra-prereqs archives jobserver output-sync check-symlink guile load
# makefile (from 'Makefile', line 7)
CXX = g++
# makefile (from 'Makefile', line 15)
LFLAGS = 
# makefile (from 'Makefile', line 54)
SOURCES := src/game.cpp src/main.cpp src/utils/Math.cpp src/sprites/actor.cpp
# environment
XDG_MENU_PREFIX = gnome-
# environment
GDMSESSION = gnome-xorg
# environment
LC_IDENTIFICATION = es_DO.UTF-8
# variable set hash-table stats:
# Load=122/1024=12%, Rehash=0, Collisions=17/190=9%

# Pattern-specific Variable Values

# No pattern-specific variable values.

# Directories

# src (device 2054, inode 4868140): 8 files, no impossibilities.
# src/sprites (device 2054, inode 5257712): 4 files, no impossibilities.
# . (device 2054, inode 4854930): 8 files, no impossibilities.
# src/utils (device 2054, inode 4984573): 4 files, no impossibilities.

# 24 files, no impossibilities in 4 directories.

# Implicit Rules

# No implicit rules.

# Files

# Not a target:
Makefile:
#  Implicit rule search has been done.
#  Last modified 2022-08-25 15:01:43.479394347
#  File has been updated.
#  Successfully updated.

 
# Not a target:
src/game.o:
#  Implicit rule search has been done.
#  Last modified 2022-08-26 12:19:11.068742854
#  File has been updated.
#  Successfully updated.

# Not a target:
src/utils/Math.o:
#  Implicit rule search has been done.
#  Last modified 2022-08-26 12:19:13.795364115
#  File has been updated.
#  Successfully updated.

clean:
#  Phony target (prerequisite of .PHONY).
#  Implicit rule search has not been done.
#  File does not exist.
#  File has not been updated.
#  recipe to execute (from 'Makefile', line 85):
	$(RM) $(OUTPUTMAIN)
	$(RM) $(call FIXPATH,$(OBJECTS))
	@echo Cleanup complete!

.cpp.o:
#  Implicit rule search has not been done.
#  Modification time never checked.
#  File has not been updated.
#  recipe to execute (from 'Makefile', line 81):
	$(CXX) $(CXXFLAGS) $(INCLUDES) -c $<  -o $@

# Not a target:
src/sprites/actor.o:
#  Implicit rule search has been done.
#  Last modified 2022-08-26 12:19:16.381987717
#  File has been updated.
#  Successfully updated.

# Not a target:
src/main.o:
#  Implicit rule search has been done.
#  Last modified 2022-08-26 12:19:13.255373106
#  File has been updated.
#  Successfully updated.

# Not a target:
.DEFAULT:
#  Implicit rule search has not been done.
#  Modification time never checked.
#  File has not been updated.

output:
#  Implicit rule search has not been done.
#  Last modified 2022-08-26 12:19:16.555318165
#  File has been updated.
#  Successfully updated.
#  recipe to execute (from 'Makefile', line 71):
	$(MD) $(OUTPUT)

all: output main
#  Command line target.
#  Implicit rule search has not been done.
#  File does not exist.
#  File has been updated.
#  Needs to be updated (-q is set).
# variable set hash-table stats:
# Load=0/32=0%, Rehash=0, Collisions=0/10=0%
#  recipe to execute (from 'Makefile', line 68):
	@echo Executing 'all' complete!

run: all
#  Implicit rule search has not been done.
#  Modification time never checked.
#  File has not been updated.
#  recipe to execute (from 'Makefile', line 90):
	./$(OUTPUTMAIN)
	@echo Executing 'run: all' complete!

main: src/game.o src/main.o src/utils/Math.o src/sprites/actor.o
#  Implicit rule search has not been done.
#  Implicit/static pattern stem: ''
#  File does not exist.
#  File has been updated.
#  Needs to be updated (-q is set).
# automatic
# @ := main
# automatic
# * := 
# automatic
# < := src/game.o
# automatic
# + := src/game.o src/main.o src/utils/Math.o src/sprites/actor.o
# automatic
# % := 
# automatic
# ^ := src/game.o src/main.o src/utils/Math.o src/sprites/actor.o
# automatic
# ? := src/game.o src/main.o src/utils/Math.o src/sprites/actor.o
# automatic
# | := 
# variable set hash-table stats:
# Load=8/32=25%, Rehash=0, Collisions=4/18=22%
#  recipe to execute (from 'Makefile', line 74):
	$(CXX) $(CXXFLAGS) $(INCLUDES) -o $(OUTPUTMAIN) $(OBJECTS) $(LFLAGS) $(LIBS)

# Not a target:
.SUFFIXES:
#  Implicit rule search has not been done.
#  Modification time never checked.
#  File has not been updated.

.PHONY: clean
#  Implicit rule search has not been done.
#  Modification time never checked.
#  File has not been updated.

# files hash-table stats:
# Load=14/1024=1%, Rehash=0, Collisions=0/37=0%
# VPATH Search Paths

# No 'vpath' search paths.

# No general ('VPATH' variable) search path.

# strcache buffers: 1 (0) / strings = 34 / storage = 290 B / avg = 8 B
# current buf: size = 8162 B / used = 290 B / count = 34 / avg = 8 B

# strcache performance: lookups = 59 / hit rate = 42%
# hash-table stats:
# Load=34/8192=0%, Rehash=0, Collisions=0/59=0%
# Finished Make data base on Fri Aug 26 23:31:12 2022

 
